# JRE version: OpenJDK Runtime Environment Corretto-17.0.9.8.1 (17.0.9+8) (build 17.0.9+8-LTS)
# Java VM: OpenJDK 64-Bit Server VM Corretto-17.0.9.8.1 (17.0.9+8-LTS, mixed mode, sharing, tiered, compressed oops, compressed class ptrs, g1 gc, windows-amd64)
GC Precious Log:
 CPUs: 8 total, 8 available
 Memory: 7952M
 Large Page Support: Disabled
 NUMA Support: Disabled
 Compressed Oops: Enabled (32-bit)
 Heap Region Size: 1M
 Heap Min Capacity: 8M
 Heap Initial Capacity: 126M
 Heap Max Capacity: 1990M
 Pre-touch: Disabled
 Parallel Workers: 8
 Concurrent Workers: 2
 Concurrent Refinement Workers: 8
 Periodic GC: Disabled
Heap:
 garbage-first heap   total 55296K, used 31475K [0x0000000083a00000, 0x0000000100000000)
  region size 1024K, 8 young (8192K), 2 survivors (2048K)
 Metaspace       used 60071K, committed 60608K, reserved 1114112K
  class space    used 8035K, committed 8320K, reserved 1048576K
GC Heap History (20 events):
Event: 5.958 GC heap before
{Heap before GC invocations=4 (full 0):
 garbage-first heap   total 55296K, used 39503K [0x0000000083a00000, 0x0000000100000000)
  region size 1024K, 32 young (32768K), 7 survivors (7168K)
 Metaspace       used 24603K, committed 24960K, reserved 1114112K
  class space    used 3075K, committed 3264K, reserved 1048576K
}
Event: 5.969 GC heap after
{Heap after GC invocations=5 (full 0):
 garbage-first heap   total 55296K, used 15971K [0x0000000083a00000, 0x0000000100000000)
  region size 1024K, 3 young (3072K), 3 survivors (3072K)
 Metaspace       used 24603K, committed 24960K, reserved 1114112K
  class space    used 3075K, committed 3264K, reserved 1048576K
}
Event: 6.015 GC heap before
{Heap before GC invocations=5 (full 0):
 garbage-first heap   total 55296K, used 16995K [0x0000000083a00000, 0x0000000100000000)
  region size 1024K, 4 young (4096K), 3 survivors (3072K)
 Metaspace       used 24692K, committed 25024K, reserved 1114112K
  class space    used 3094K, committed 3264K, reserved 1048576K
}
Event: 6.019 GC heap after
{Heap after GC invocations=6 (full 0):
 garbage-first heap   total 55296K, used 16272K [0x0000000083a00000, 0x0000000100000000)
  region size 1024K, 1 young (1024K), 1 survivors (1024K)
 Metaspace       used 24692K, committed 25024K, reserved 1114112K
  class space    used 3094K, committed 3264K, reserved 1048576K
}
Event: 7.003 GC heap before
{Heap before GC invocations=6 (full 0):
 garbage-first heap   total 55296K, used 37776K [0x0000000083a00000, 0x0000000100000000)
  region size 1024K, 22 young (22528K), 1 survivors (1024K)
 Metaspace       used 28698K, committed 29056K, reserved 1114112K
  class space    used 3652K, committed 3840K, reserved 1048576K
}
Event: 7.010 GC heap after
{Heap after GC invocations=7 (full 0):
 garbage-first heap   total 55296K, used 18392K [0x0000000083a00000, 0x0000000100000000)
  region size 1024K, 3 young (3072K), 3 survivors (3072K)
 Metaspace       used 28698K, committed 29056K, reserved 1114112K
  class space    used 3652K, committed 3840K, reserved 1048576K
}
Event: 8.216 GC heap before
{Heap before GC invocations=7 (full 0):
 garbage-first heap   total 55296K, used 38872K [0x0000000083a00000, 0x0000000100000000)
  region size 1024K, 23 young (23552K), 3 survivors (3072K)
 Metaspace       used 31818K, committed 32256K, reserved 1114112K
  class space    used 4034K, committed 4224K, reserved 1048576K
}
Event: 8.225 GC heap after
{Heap after GC invocations=8 (full 0):
 garbage-first heap   total 55296K, used 19608K [0x0000000083a00000, 0x0000000100000000)
  region size 1024K, 2 young (2048K), 2 survivors (2048K)
 Metaspace       used 31818K, committed 32256K, reserved 1114112K
  class space    used 4034K, committed 4224K, reserved 1048576K
}
Event: 9.032 GC heap before
{Heap before GC invocations=8 (full 0):
 garbage-first heap   total 55296K, used 33944K [0x0000000083a00000, 0x0000000100000000)
  region size 1024K, 17 young (17408K), 2 survivors (2048K)
 Metaspace       used 35658K, committed 36096K, reserved 1114112K
  class space    used 4656K, committed 4864K, reserved 1048576K
}
Event: 9.036 GC heap after
{Heap after GC invocations=9 (full 0):
 garbage-first heap   total 55296K, used 20292K [0x0000000083a00000, 0x0000000100000000)
  region size 1024K, 2 young (2048K), 2 survivors (2048K)
 Metaspace       used 35658K, committed 36096K, reserved 1114112K
  class space    used 4656K, committed 4864K, reserved 1048576K
}
Event: 10.645 GC heap before
{Heap before GC invocations=10 (full 0):
 garbage-first heap   total 55296K, used 40772K [0x0000000083a00000, 0x0000000100000000)
  region size 1024K, 23 young (23552K), 2 survivors (2048K)
 Metaspace       used 44808K, committed 45248K, reserved 1114112K
  class space    used 5830K, committed 6016K, reserved 1048576K
}
Event: 10.651 GC heap after
{Heap after GC invocations=11 (full 0):
 garbage-first heap   total 55296K, used 22544K [0x0000000083a00000, 0x0000000100000000)
  region size 1024K, 3 young (3072K), 3 survivors (3072K)
 Metaspace       used 44808K, committed 45248K, reserved 1114112K
  class space    used 5830K, committed 6016K, reserved 1048576K
}
Event: 11.788 GC heap before
{Heap before GC invocations=11 (full 0):
 garbage-first heap   total 55296K, used 40976K [0x0000000083a00000, 0x0000000100000000)
  region size 1024K, 22 young (22528K), 3 survivors (3072K)
 Metaspace       used 48462K, committed 48896K, reserved 1114112K
  class space    used 6314K, committed 6528K, reserved 1048576K
}
Event: 11.794 GC heap after
{Heap after GC invocations=12 (full 0):
 garbage-first heap   total 55296K, used 24460K [0x0000000083a00000, 0x0000000100000000)
  region size 1024K, 2 young (2048K), 2 survivors (2048K)
 Metaspace       used 48462K, committed 48896K, reserved 1114112K
  class space    used 6314K, committed 6528K, reserved 1048576K
}
Event: 13.219 GC heap before
{Heap before GC invocations=12 (full 0):
 garbage-first heap   total 55296K, used 41868K [0x0000000083a00000, 0x0000000100000000)
  region size 1024K, 20 young (20480K), 2 survivors (2048K)
 Metaspace       used 54248K, committed 54784K, reserved 1114112K
  class space    used 7128K, committed 7424K, reserved 1048576K
}
Event: 13.225 GC heap after
{Heap after GC invocations=13 (full 0):
 garbage-first heap   total 55296K, used 25426K [0x0000000083a00000, 0x0000000100000000)
  region size 1024K, 1 young (1024K), 1 survivors (1024K)
 Metaspace       used 54248K, committed 54784K, reserved 1114112K
  class space    used 7128K, committed 7424K, reserved 1048576K
}
Event: 14.434 GC heap before
{Heap before GC invocations=13 (full 0):
 garbage-first heap   total 55296K, used 43858K [0x0000000083a00000, 0x0000000100000000)
  region size 1024K, 19 young (19456K), 1 survivors (1024K)
 Metaspace       used 56867K, committed 57408K, reserved 1114112K
  class space    used 7582K, committed 7872K, reserved 1048576K
}
Event: 14.437 GC heap after
{Heap after GC invocations=14 (full 0):
 garbage-first heap   total 55296K, used 25814K [0x0000000083a00000, 0x0000000100000000)
  region size 1024K, 2 young (2048K), 2 survivors (2048K)
 Metaspace       used 56867K, committed 57408K, reserved 1114112K
  class space    used 7582K, committed 7872K, reserved 1048576K
}
Event: 15.151 GC heap before
{Heap before GC invocations=14 (full 0):
 garbage-first heap   total 55296K, used 44246K [0x0000000083a00000, 0x0000000100000000)
  region size 1024K, 20 young (20480K), 2 survivors (2048K)
 Metaspace       used 58457K, committed 59008K, reserved 1114112K
  class space    used 7791K, committed 8064K, reserved 1048576K
}
Event: 15.154 GC heap after
{Heap after GC invocations=15 (full 0):
 garbage-first heap   total 55296K, used 26355K [0x0000000083a00000, 0x0000000100000000)
  region size 1024K, 2 young (2048K), 2 survivors (2048K)
 Metaspace       used 58457K, committed 59008K, reserved 1114112K
  class space    used 7791K, committed 8064K, reserved 1048576K
}

