# JRE version: OpenJDK Runtime Environment Corretto-17.0.9.8.1 (17.0.9+8) (build 17.0.9+8-LTS)
# Java VM: OpenJDK 64-Bit Server VM Corretto-17.0.9.8.1 (17.0.9+8-LTS, mixed mode, sharing, tiered, compressed oops, compressed class ptrs, g1 gc, windows-amd64)
GC Precious Log:
 CPUs: 8 total, 8 available
 Memory: 7952M
 Large Page Support: Disabled
 NUMA Support: Disabled
 Compressed Oops: Enabled (32-bit)
 Heap Region Size: 1M
 Heap Min Capacity: 8M
 Heap Initial Capacity: 126M
 Heap Max Capacity: 1990M
 Pre-touch: Disabled
 Parallel Workers: 8
 Concurrent Workers: 2
 Concurrent Refinement Workers: 8
 Periodic GC: Disabled
Heap:
 garbage-first heap   total 106496K, used 55861K [0x0000000083a00000, 0x0000000100000000)
  region size 1024K, 10 young (10240K), 3 survivors (3072K)
 Metaspace       used 79665K, committed 80384K, reserved 1179648K
  class space    used 10977K, committed 11328K, reserved 1048576K
GC Heap History (20 events):
Event: 15.739 GC heap before
{Heap before GC invocations=23 (full 0):
 garbage-first heap   total 55296K, used 42710K [0x0000000083a00000, 0x0000000100000000)
  region size 1024K, 15 young (15360K), 3 survivors (3072K)
 Metaspace       used 69240K, committed 69824K, reserved 1114112K
  class space    used 9448K, committed 9728K, reserved 1048576K
}
Event: 15.745 GC heap after
{Heap after GC invocations=24 (full 0):
 garbage-first heap   total 55296K, used 32940K [0x0000000083a00000, 0x0000000100000000)
  region size 1024K, 2 young (2048K), 2 survivors (2048K)
 Metaspace       used 69240K, committed 69824K, reserved 1114112K
  class space    used 9448K, committed 9728K, reserved 1048576K
}
Event: 15.997 GC heap before
{Heap before GC invocations=25 (full 0):
 garbage-first heap   total 65536K, used 43180K [0x0000000083a00000, 0x0000000100000000)
  region size 1024K, 13 young (13312K), 2 survivors (2048K)
 Metaspace       used 70242K, committed 70848K, reserved 1114112K
  class space    used 9629K, committed 9920K, reserved 1048576K
}
Event: 16.000 GC heap after
{Heap after GC invocations=26 (full 0):
 garbage-first heap   total 65536K, used 33775K [0x0000000083a00000, 0x0000000100000000)
  region size 1024K, 1 young (1024K), 1 survivors (1024K)
 Metaspace       used 70242K, committed 70848K, reserved 1114112K
  class space    used 9629K, committed 9920K, reserved 1048576K
}
Event: 16.205 GC heap before
{Heap before GC invocations=26 (full 0):
 garbage-first heap   total 65536K, used 52207K [0x0000000083a00000, 0x0000000100000000)
  region size 1024K, 19 young (19456K), 1 survivors (1024K)
 Metaspace       used 70889K, committed 71488K, reserved 1114112K
  class space    used 9800K, committed 10112K, reserved 1048576K
}
Event: 16.209 GC heap after
{Heap after GC invocations=27 (full 0):
 garbage-first heap   total 65536K, used 36002K [0x0000000083a00000, 0x0000000100000000)
  region size 1024K, 3 young (3072K), 3 survivors (3072K)
 Metaspace       used 70889K, committed 71488K, reserved 1114112K
  class space    used 9800K, committed 10112K, reserved 1048576K
}
Event: 16.374 GC heap before
{Heap before GC invocations=28 (full 0):
 garbage-first heap   total 78848K, used 51362K [0x0000000083a00000, 0x0000000100000000)
  region size 1024K, 19 young (19456K), 3 survivors (3072K)
 Metaspace       used 71410K, committed 72000K, reserved 1114112K
  class space    used 9839K, committed 10112K, reserved 1048576K
}
Event: 16.381 GC heap after
{Heap after GC invocations=29 (full 0):
 garbage-first heap   total 78848K, used 38666K [0x0000000083a00000, 0x0000000100000000)
  region size 1024K, 3 young (3072K), 3 survivors (3072K)
 Metaspace       used 71410K, committed 72000K, reserved 1114112K
  class space    used 9839K, committed 10112K, reserved 1048576K
}
Event: 16.901 GC heap before
{Heap before GC invocations=29 (full 0):
 garbage-first heap   total 78848K, used 60170K [0x0000000083a00000, 0x0000000100000000)
  region size 1024K, 24 young (24576K), 3 survivors (3072K)
 Metaspace       used 73451K, committed 74048K, reserved 1114112K
  class space    used 10156K, committed 10432K, reserved 1048576K
}
Event: 16.906 GC heap after
{Heap after GC invocations=30 (full 0):
 garbage-first heap   total 78848K, used 40637K [0x0000000083a00000, 0x0000000100000000)
  region size 1024K, 2 young (2048K), 2 survivors (2048K)
 Metaspace       used 73451K, committed 74048K, reserved 1114112K
  class space    used 10156K, committed 10432K, reserved 1048576K
}
Event: 17.146 GC heap before
{Heap before GC invocations=31 (full 0):
 garbage-first heap   total 78848K, used 61117K [0x0000000083a00000, 0x0000000100000000)
  region size 1024K, 22 young (22528K), 2 survivors (2048K)
 Metaspace       used 73663K, committed 74240K, reserved 1114112K
  class space    used 10173K, committed 10432K, reserved 1048576K
}
Event: 17.150 GC heap after
{Heap after GC invocations=32 (full 0):
 garbage-first heap   total 78848K, used 42204K [0x0000000083a00000, 0x0000000100000000)
  region size 1024K, 2 young (2048K), 2 survivors (2048K)
 Metaspace       used 73663K, committed 74240K, reserved 1114112K
  class space    used 10173K, committed 10432K, reserved 1048576K
}
Event: 17.153 GC heap before
{Heap before GC invocations=32 (full 0):
 garbage-first heap   total 78848K, used 43228K [0x0000000083a00000, 0x0000000100000000)
  region size 1024K, 3 young (3072K), 2 survivors (2048K)
 Metaspace       used 73663K, committed 74240K, reserved 1114112K
  class space    used 10173K, committed 10432K, reserved 1048576K
}
Event: 17.156 GC heap after
{Heap after GC invocations=33 (full 0):
 garbage-first heap   total 106496K, used 42619K [0x0000000083a00000, 0x0000000100000000)
  region size 1024K, 1 young (1024K), 1 survivors (1024K)
 Metaspace       used 73663K, committed 74240K, reserved 1114112K
  class space    used 10173K, committed 10432K, reserved 1048576K
}
Event: 17.437 GC heap before
{Heap before GC invocations=33 (full 0):
 garbage-first heap   total 106496K, used 79483K [0x0000000083a00000, 0x0000000100000000)
  region size 1024K, 37 young (37888K), 1 survivors (1024K)
 Metaspace       used 73963K, committed 74560K, reserved 1114112K
  class space    used 10206K, committed 10496K, reserved 1048576K
}
Event: 17.440 GC heap after
{Heap after GC invocations=34 (full 0):
 garbage-first heap   total 106496K, used 44157K [0x0000000083a00000, 0x0000000100000000)
  region size 1024K, 3 young (3072K), 3 survivors (3072K)
 Metaspace       used 73963K, committed 74560K, reserved 1114112K
  class space    used 10206K, committed 10496K, reserved 1048576K
}
Event: 18.628 GC heap before
{Heap before GC invocations=34 (full 0):
 garbage-first heap   total 106496K, used 81021K [0x0000000083a00000, 0x0000000100000000)
  region size 1024K, 39 young (39936K), 3 survivors (3072K)
 Metaspace       used 77362K, committed 78016K, reserved 1179648K
  class space    used 10653K, committed 10944K, reserved 1048576K
}
Event: 18.636 GC heap after
{Heap after GC invocations=35 (full 0):
 garbage-first heap   total 106496K, used 47438K [0x0000000083a00000, 0x0000000100000000)
  region size 1024K, 5 young (5120K), 5 survivors (5120K)
 Metaspace       used 77362K, committed 78016K, reserved 1179648K
  class space    used 10653K, committed 10944K, reserved 1048576K
}
Event: 151.707 GC heap before
{Heap before GC invocations=35 (full 0):
 garbage-first heap   total 106496K, used 83278K [0x0000000083a00000, 0x0000000100000000)
  region size 1024K, 40 young (40960K), 5 survivors (5120K)
 Metaspace       used 79659K, committed 80320K, reserved 1179648K
  class space    used 10977K, committed 11328K, reserved 1048576K
}
Event: 151.713 GC heap after
{Heap after GC invocations=36 (full 0):
 garbage-first heap   total 106496K, used 49717K [0x0000000083a00000, 0x0000000100000000)
  region size 1024K, 3 young (3072K), 3 survivors (3072K)
 Metaspace       used 79659K, committed 80320K, reserved 1179648K
  class space    used 10977K, committed 11328K, reserved 1048576K
}

